Copyright 1986-2022 Xilinx, Inc. All Rights Reserved. Copyright 2022-2023 Advanced Micro Devices, Inc. All Rights Reserved.
---------------------------------------------------------------------------------------------------------------------------------------------
| Tool Version : Vivado v.2023.2 (win64) Build 4029153 Fri Oct 13 20:14:34 MDT 2023
| Date         : Tue Apr  7 17:10:29 2026
| Host         : drews_laptop running 64-bit major release  (build 9200)
| Command      : report_utilization -file design_1_wrapper_utilization_placed.rpt -pb design_1_wrapper_utilization_placed.pb
| Design       : design_1_wrapper
| Device       : xck26-sfvc784-2LV-c
| Speed File   : -2LV
| Design State : Fully Placed
---------------------------------------------------------------------------------------------------------------------------------------------

Utilization Design Information

Table of Contents
-----------------
1. CLB Logic
1.1 Summary of Registers by Type
2. CLB Logic Distribution
3. BLOCKRAM
4. ARITHMETIC
5. I/O
6. CLOCK
7. ADVANCED
8. CONFIGURATION
9. Primitives
10. Black Boxes
11. Instantiated Netlists

1. CLB Logic
------------

+----------------------------+--------+-------+------------+-----------+-------+
|          Site Type         |  Used  | Fixed | Prohibited | Available | Util% |
+----------------------------+--------+-------+------------+-----------+-------+
| CLB LUTs                   |  99667 |     0 |          0 |    117120 | 85.10 |
|   LUT as Logic             |  82261 |     0 |          0 |    117120 | 70.24 |
|   LUT as Memory            |  17406 |     0 |          0 |     57600 | 30.22 |
|     LUT as Distributed RAM |   7610 |     0 |            |           |       |
|     LUT as Shift Register  |   9796 |     0 |            |           |       |
| CLB Registers              | 150138 |     0 |          0 |    234240 | 64.10 |
|   Register as Flip Flop    | 150138 |     0 |          0 |    234240 | 64.10 |
|   Register as Latch        |      0 |     0 |          0 |    234240 |  0.00 |
| CARRY8                     |   3810 |     0 |          0 |     14640 | 26.02 |
| F7 Muxes                   |    663 |     0 |          0 |     58560 |  1.13 |
| F8 Muxes                   |      0 |     0 |          0 |     29280 |  0.00 |
| F9 Muxes                   |      0 |     0 |          0 |     14640 |  0.00 |
+----------------------------+--------+-------+------------+-----------+-------+
* Warning! LUT value is adjusted to account for LUT combining.


1.1 Summary of Registers by Type
--------------------------------

+--------+--------------+-------------+--------------+
|  Total | Clock Enable | Synchronous | Asynchronous |
+--------+--------------+-------------+--------------+
| 0      |            _ |           - |            - |
| 0      |            _ |           - |          Set |
| 0      |            _ |           - |        Reset |
| 0      |            _ |         Set |            - |
| 0      |            _ |       Reset |            - |
| 0      |          Yes |           - |            - |
| 66     |          Yes |           - |          Set |
| 537    |          Yes |           - |        Reset |
| 2234   |          Yes |         Set |            - |
| 147301 |          Yes |       Reset |            - |
+--------+--------------+-------------+--------------+


2. CLB Logic Distribution
-------------------------

+--------------------------------------------+--------+-------+------------+-----------+-------+
|                  Site Type                 |  Used  | Fixed | Prohibited | Available | Util% |
+--------------------------------------------+--------+-------+------------+-----------+-------+
| CLB                                        |  14639 |     0 |          0 |     14640 | 99.99 |
|   CLBL                                     |   7439 |     0 |            |           |       |
|   CLBM                                     |   7200 |     0 |            |           |       |
| LUT as Logic                               |  82261 |     0 |          0 |    117120 | 70.24 |
|   using O5 output only                     |   1800 |       |            |           |       |
|   using O6 output only                     |  47855 |       |            |           |       |
|   using O5 and O6                          |  32606 |       |            |           |       |
| LUT as Memory                              |  17406 |     0 |          0 |     57600 | 30.22 |
|   LUT as Distributed RAM                   |   7610 |     0 |            |           |       |
|     using O5 output only                   |      0 |       |            |           |       |
|     using O6 output only                   |    194 |       |            |           |       |
|     using O5 and O6                        |   7416 |       |            |           |       |
|   LUT as Shift Register                    |   9796 |     0 |            |           |       |
|     using O5 output only                   |      1 |       |            |           |       |
|     using O6 output only                   |   5380 |       |            |           |       |
|     using O5 and O6                        |   4415 |       |            |           |       |
| CLB Registers                              | 150138 |     0 |          0 |    234240 | 64.10 |
|   Register driven from within the CLB      |  94156 |       |            |           |       |
|   Register driven from outside the CLB     |  55982 |       |            |           |       |
|     LUT in front of the register is unused |  19520 |       |            |           |       |
|     LUT in front of the register is used   |  36462 |       |            |           |       |
| Unique Control Sets                        |   3766 |       |          0 |     29280 | 12.86 |
+--------------------------------------------+--------+-------+------------+-----------+-------+
* * Note: Available Control Sets calculated as Slices * 2, Review the Control Sets Report for more information regarding control sets.


3. BLOCKRAM
-----------

+-------------------+------+-------+------------+-----------+-------+
|     Site Type     | Used | Fixed | Prohibited | Available | Util% |
+-------------------+------+-------+------------+-----------+-------+
| Block RAM Tile    |   68 |     0 |          0 |       144 | 47.22 |
|   RAMB36/FIFO*    |   64 |     0 |          0 |       144 | 44.44 |
|     RAMB36E2 only |   64 |       |            |           |       |
|   RAMB18          |    8 |     0 |          0 |       288 |  2.78 |
|     RAMB18E2 only |    8 |       |            |           |       |
| URAM              |   32 |     0 |          0 |        64 | 50.00 |
+-------------------+------+-------+------------+-----------+-------+
* Note: Each Block RAM Tile only has one FIFO logic available and therefore can accommodate only one FIFO36E2 or one FIFO18E2. However, if a FIFO18E2 occupies a Block RAM Tile, that tile can still accommodate a RAMB18E2


4. ARITHMETIC
-------------

+----------------+------+-------+------------+-----------+-------+
|    Site Type   | Used | Fixed | Prohibited | Available | Util% |
+----------------+------+-------+------------+-----------+-------+
| DSPs           |  216 |     0 |          0 |      1248 | 17.31 |
|   DSP48E2 only |  216 |       |            |           |       |
+----------------+------+-------+------------+-----------+-------+


5. I/O
------

+------------------+------+-------+------------+-----------+-------+
|     Site Type    | Used | Fixed | Prohibited | Available | Util% |
+------------------+------+-------+------------+-----------+-------+
| Bonded IOB       |    0 |     0 |          0 |       189 |  0.00 |
| HPIOB_M          |    0 |     0 |          0 |        58 |  0.00 |
| HPIOB_S          |    0 |     0 |          0 |        58 |  0.00 |
| HDIOB_M          |    0 |     0 |          0 |        35 |  0.00 |
| HDIOB_S          |    0 |     0 |          0 |        35 |  0.00 |
| HPIOB_SNGL       |    0 |     0 |          0 |         3 |  0.00 |
| HPIOBDIFFINBUF   |    0 |     0 |          0 |        82 |  0.00 |
| HPIOBDIFFOUTBUF  |    0 |     0 |          0 |        82 |  0.00 |
| HDIOBDIFFINBUF   |    0 |     0 |          0 |        35 |  0.00 |
| BITSLICE_CONTROL |    0 |     0 |          0 |        32 |  0.00 |
| BITSLICE_RX_TX   |    0 |     0 |          0 |      1248 |  0.00 |
| BITSLICE_TX      |    0 |     0 |          0 |        32 |  0.00 |
| RIU_OR           |    0 |     0 |          0 |        16 |  0.00 |
+------------------+------+-------+------------+-----------+-------+


6. CLOCK
--------

+----------------------+------+-------+------------+-----------+-------+
|       Site Type      | Used | Fixed | Prohibited | Available | Util% |
+----------------------+------+-------+------------+-----------+-------+
| GLOBAL CLOCK BUFFERs |    3 |     0 |          0 |       352 |  0.85 |
|   BUFGCE             |    2 |     0 |          0 |       112 |  1.79 |
|   BUFGCE_DIV         |    0 |     0 |          0 |        16 |  0.00 |
|   BUFG_GT            |    0 |     0 |          0 |        96 |  0.00 |
|   BUFG_PS            |    1 |     0 |          0 |        96 |  1.04 |
|   BUFGCTRL*          |    0 |     0 |          0 |        32 |  0.00 |
| PLL                  |    0 |     0 |          0 |         8 |  0.00 |
| MMCM                 |    0 |     0 |          0 |         4 |  0.00 |
+----------------------+------+-------+------------+-----------+-------+
* Note: Each used BUFGCTRL counts as two GLOBAL CLOCK BUFFERs. This table does not include global clocking resources, only buffer cell usage. See the Clock Utilization Report (report_clock_utilization) for detailed accounting of global clocking resource availability.


7. ADVANCED
-----------

+-----------------+------+-------+------------+-----------+--------+
|    Site Type    | Used | Fixed | Prohibited | Available |  Util% |
+-----------------+------+-------+------------+-----------+--------+
| GTHE4_CHANNEL   |    0 |     0 |          0 |         4 |   0.00 |
| GTHE4_COMMON    |    0 |     0 |          0 |         1 |   0.00 |
| OBUFDS_GTE4     |    0 |     0 |          0 |         2 |   0.00 |
| OBUFDS_GTE4_ADV |    0 |     0 |          0 |         2 |   0.00 |
| PCIE40E4        |    0 |     0 |          0 |         2 |   0.00 |
| PS8             |    1 |     0 |          0 |         1 | 100.00 |
| SYSMONE4        |    0 |     0 |          0 |         1 |   0.00 |
| VCU             |    0 |     0 |          0 |         1 |   0.00 |
+-----------------+------+-------+------------+-----------+--------+


8. CONFIGURATION
----------------

+-------------+------+-------+------------+-----------+-------+
|  Site Type  | Used | Fixed | Prohibited | Available | Util% |
+-------------+------+-------+------------+-----------+-------+
| BSCANE2     |    0 |     0 |          0 |         4 |  0.00 |
| DNA_PORTE2  |    0 |     0 |          0 |         1 |  0.00 |
| EFUSE_USR   |    0 |     0 |          0 |         1 |  0.00 |
| FRAME_ECCE4 |    0 |     0 |          0 |         1 |  0.00 |
| ICAPE3      |    0 |     0 |          0 |         2 |  0.00 |
| MASTER_JTAG |    0 |     0 |          0 |         1 |  0.00 |
| STARTUPE3   |    0 |     0 |          0 |         1 |  0.00 |
+-------------+------+-------+------------+-----------+-------+


9. Primitives
-------------

+----------+--------+---------------------+
| Ref Name |  Used  | Functional Category |
+----------+--------+---------------------+
| FDRE     | 147301 |            Register |
| LUT3     |  30084 |                 CLB |
| LUT6     |  28109 |                 CLB |
| LUT4     |  23461 |                 CLB |
| LUT5     |  17357 |                 CLB |
| LUT2     |  13772 |                 CLB |
| RAMD32   |  12994 |                 CLB |
| SRL16E   |  11469 |                 CLB |
| CARRY8   |   3810 |                 CLB |
| SRLC32E  |   2742 |                 CLB |
| FDSE     |   2234 |            Register |
| LUT1     |   2084 |                 CLB |
| RAMS32   |   1872 |                 CLB |
| MUXF7    |    663 |                 CLB |
| FDCE     |    537 |            Register |
| DSP48E2  |    216 |          Arithmetic |
| RAMD64E  |    160 |                 CLB |
| FDPE     |     66 |            Register |
| RAMB36E2 |     64 |            BLOCKRAM |
| URAM288  |     32 |            BLOCKRAM |
| RAMB18E2 |      8 |            BLOCKRAM |
| BUFGCE   |      2 |               Clock |
| PS8      |      1 |            Advanced |
| BUFG_PS  |      1 |               Clock |
+----------+--------+---------------------+


10. Black Boxes
---------------

+----------+------+
| Ref Name | Used |
+----------+------+


11. Instantiated Netlists
-------------------------

+------------------------------+------+
|           Ref Name           | Used |
+------------------------------+------+
| fp32_mult                    |   16 |
| fp32_accum                   |   16 |
| fp32_adder                   |   12 |
| axis_wconv256to128           |    4 |
| design_1_zynq_ultra_ps_e_0_0 |    1 |
| design_1_xbar_1              |    1 |
| design_1_xbar_0              |    1 |
| design_1_smartconnect_4_0    |    1 |
| design_1_smartconnect_3_0    |    1 |
| design_1_smartconnect_2_0    |    1 |
| design_1_smartconnect_1_0    |    1 |
| design_1_smartconnect_0_0    |    1 |
| design_1_rst_ps8_0_99M_0     |    1 |
| design_1_axi_smc_0           |    1 |
| design_1_axi_smc1_0          |    1 |
| design_1_axi_dma_3_0         |    1 |
| design_1_axi_dma_2_0         |    1 |
| design_1_axi_dma_1_0         |    1 |
| design_1_axi_dma_0_0         |    1 |
| design_1_axi_cdma_0_0        |    1 |
| design_1_auto_pc_1           |    1 |
| design_1_auto_pc_0           |    1 |
| design_1_auto_ds_1           |    1 |
| design_1_auto_ds_0           |    1 |
| design_1_accelerator_0_0     |    1 |
+------------------------------+------+


