Copyright 1986-2022 Xilinx, Inc. All Rights Reserved. Copyright 2022-2023 Advanced Micro Devices, Inc. All Rights Reserved.
---------------------------------------------------------------------------------------------------------------------------------------------
| Tool Version : Vivado v.2023.2 (win64) Build 4029153 Fri Oct 13 20:14:34 MDT 2023
| Date         : Tue Apr 14 00:13:29 2026
| Host         : drews_laptop running 64-bit major release  (build 9200)
| Command      : report_utilization -file design_1_wrapper_utilization_placed.rpt -pb design_1_wrapper_utilization_placed.pb
| Design       : design_1_wrapper
| Device       : xck26-sfvc784-2LV-c
| Speed File   : -2LV
| Design State : Fully Placed
---------------------------------------------------------------------------------------------------------------------------------------------

Utilization Design Information

Table of Contents
-----------------
1. CLB Logic
1.1 Summary of Registers by Type
2. CLB Logic Distribution
3. BLOCKRAM
4. ARITHMETIC
5. I/O
6. CLOCK
7. ADVANCED
8. CONFIGURATION
9. Primitives
10. Black Boxes
11. Instantiated Netlists

1. CLB Logic
------------

+----------------------------+--------+-------+------------+-----------+-------+
|          Site Type         |  Used  | Fixed | Prohibited | Available | Util% |
+----------------------------+--------+-------+------------+-----------+-------+
| CLB LUTs                   |  72962 |     0 |          0 |    117120 | 62.30 |
|   LUT as Logic             |  60536 |     0 |          0 |    117120 | 51.69 |
|   LUT as Memory            |  12426 |     0 |          0 |     57600 | 21.57 |
|     LUT as Distributed RAM |   7530 |     0 |            |           |       |
|     LUT as Shift Register  |   4896 |     0 |            |           |       |
| CLB Registers              | 123640 |     0 |          0 |    234240 | 52.78 |
|   Register as Flip Flop    | 123640 |     0 |          0 |    234240 | 52.78 |
|   Register as Latch        |      0 |     0 |          0 |    234240 |  0.00 |
| CARRY8                     |   1522 |     0 |          0 |     14640 | 10.40 |
| F7 Muxes                   |    139 |     0 |          0 |     58560 |  0.24 |
| F8 Muxes                   |      0 |     0 |          0 |     29280 |  0.00 |
| F9 Muxes                   |      0 |     0 |          0 |     14640 |  0.00 |
+----------------------------+--------+-------+------------+-----------+-------+
* Warning! LUT value is adjusted to account for LUT combining.


1.1 Summary of Registers by Type
--------------------------------

+--------+--------------+-------------+--------------+
|  Total | Clock Enable | Synchronous | Asynchronous |
+--------+--------------+-------------+--------------+
| 0      |            _ |           - |            - |
| 0      |            _ |           - |          Set |
| 0      |            _ |           - |        Reset |
| 0      |            _ |         Set |            - |
| 0      |            _ |       Reset |            - |
| 0      |          Yes |           - |            - |
| 66     |          Yes |           - |          Set |
| 537    |          Yes |           - |        Reset |
| 2446   |          Yes |         Set |            - |
| 120591 |          Yes |       Reset |            - |
+--------+--------------+-------------+--------------+


2. CLB Logic Distribution
-------------------------

+--------------------------------------------+--------+-------+------------+-----------+-------+
|                  Site Type                 |  Used  | Fixed | Prohibited | Available | Util% |
+--------------------------------------------+--------+-------+------------+-----------+-------+
| CLB                                        |  14448 |     0 |          0 |     14640 | 98.69 |
|   CLBL                                     |   7330 |     0 |            |           |       |
|   CLBM                                     |   7118 |     0 |            |           |       |
| LUT as Logic                               |  60536 |     0 |          0 |    117120 | 51.69 |
|   using O5 output only                     |   2692 |       |            |           |       |
|   using O6 output only                     |  36638 |       |            |           |       |
|   using O5 and O6                          |  21206 |       |            |           |       |
| LUT as Memory                              |  12426 |     0 |          0 |     57600 | 21.57 |
|   LUT as Distributed RAM                   |   7530 |     0 |            |           |       |
|     using O5 output only                   |      0 |       |            |           |       |
|     using O6 output only                   |    114 |       |            |           |       |
|     using O5 and O6                        |   7416 |       |            |           |       |
|   LUT as Shift Register                    |   4896 |     0 |            |           |       |
|     using O5 output only                   |      0 |       |            |           |       |
|     using O6 output only                   |   2777 |       |            |           |       |
|     using O5 and O6                        |   2119 |       |            |           |       |
| CLB Registers                              | 123640 |     0 |          0 |    234240 | 52.78 |
|   Register driven from within the CLB      |  71793 |       |            |           |       |
|   Register driven from outside the CLB     |  51847 |       |            |           |       |
|     LUT in front of the register is unused |  37460 |       |            |           |       |
|     LUT in front of the register is used   |  14387 |       |            |           |       |
| Unique Control Sets                        |   4164 |       |          0 |     29280 | 14.22 |
+--------------------------------------------+--------+-------+------------+-----------+-------+
* * Note: Available Control Sets calculated as Slices * 2, Review the Control Sets Report for more information regarding control sets.


3. BLOCKRAM
-----------

+-------------------+------+-------+------------+-----------+-------+
|     Site Type     | Used | Fixed | Prohibited | Available | Util% |
+-------------------+------+-------+------------+-----------+-------+
| Block RAM Tile    |   70 |     0 |          0 |       144 | 48.61 |
|   RAMB36/FIFO*    |   68 |     0 |          0 |       144 | 47.22 |
|     RAMB36E2 only |   68 |       |            |           |       |
|   RAMB18          |    4 |     0 |          0 |       288 |  1.39 |
|     RAMB18E2 only |    4 |       |            |           |       |
| URAM              |   16 |     0 |          0 |        64 | 25.00 |
+-------------------+------+-------+------------+-----------+-------+
* Note: Each Block RAM Tile only has one FIFO logic available and therefore can accommodate only one FIFO36E2 or one FIFO18E2. However, if a FIFO18E2 occupies a Block RAM Tile, that tile can still accommodate a RAMB18E2


4. ARITHMETIC
-------------

+----------------+------+-------+------------+-----------+-------+
|    Site Type   | Used | Fixed | Prohibited | Available | Util% |
+----------------+------+-------+------------+-----------+-------+
| DSPs           |  184 |     0 |          0 |      1248 | 14.74 |
|   DSP48E2 only |  184 |       |            |           |       |
+----------------+------+-------+------------+-----------+-------+


5. I/O
------

+------------------+------+-------+------------+-----------+-------+
|     Site Type    | Used | Fixed | Prohibited | Available | Util% |
+------------------+------+-------+------------+-----------+-------+
| Bonded IOB       |    0 |     0 |          0 |       189 |  0.00 |
| HPIOB_M          |    0 |     0 |          0 |        58 |  0.00 |
| HPIOB_S          |    0 |     0 |          0 |        58 |  0.00 |
| HDIOB_M          |    0 |     0 |          0 |        35 |  0.00 |
| HDIOB_S          |    0 |     0 |          0 |        35 |  0.00 |
| HPIOB_SNGL       |    0 |     0 |          0 |         3 |  0.00 |
| HPIOBDIFFINBUF   |    0 |     0 |          0 |        82 |  0.00 |
| HPIOBDIFFOUTBUF  |    0 |     0 |          0 |        82 |  0.00 |
| HDIOBDIFFINBUF   |    0 |     0 |          0 |        35 |  0.00 |
| BITSLICE_CONTROL |    0 |     0 |          0 |        32 |  0.00 |
| BITSLICE_RX_TX   |    0 |     0 |          0 |      1248 |  0.00 |
| BITSLICE_TX      |    0 |     0 |          0 |        32 |  0.00 |
| RIU_OR           |    0 |     0 |          0 |        16 |  0.00 |
+------------------+------+-------+------------+-----------+-------+


6. CLOCK
--------

+----------------------+------+-------+------------+-----------+-------+
|       Site Type      | Used | Fixed | Prohibited | Available | Util% |
+----------------------+------+-------+------------+-----------+-------+
| GLOBAL CLOCK BUFFERs |    5 |     0 |          0 |       352 |  1.42 |
|   BUFGCE             |    4 |     0 |          0 |       112 |  3.57 |
|   BUFGCE_DIV         |    0 |     0 |          0 |        16 |  0.00 |
|   BUFG_GT            |    0 |     0 |          0 |        96 |  0.00 |
|   BUFG_PS            |    1 |     0 |          0 |        96 |  1.04 |
|   BUFGCTRL*          |    0 |     0 |          0 |        32 |  0.00 |
| PLL                  |    0 |     0 |          0 |         8 |  0.00 |
| MMCM                 |    0 |     0 |          0 |         4 |  0.00 |
+----------------------+------+-------+------------+-----------+-------+
* Note: Each used BUFGCTRL counts as two GLOBAL CLOCK BUFFERs. This table does not include global clocking resources, only buffer cell usage. See the Clock Utilization Report (report_clock_utilization) for detailed accounting of global clocking resource availability.


7. ADVANCED
-----------

+-----------------+------+-------+------------+-----------+--------+
|    Site Type    | Used | Fixed | Prohibited | Available |  Util% |
+-----------------+------+-------+------------+-----------+--------+
| GTHE4_CHANNEL   |    0 |     0 |          0 |         4 |   0.00 |
| GTHE4_COMMON    |    0 |     0 |          0 |         1 |   0.00 |
| OBUFDS_GTE4     |    0 |     0 |          0 |         2 |   0.00 |
| OBUFDS_GTE4_ADV |    0 |     0 |          0 |         2 |   0.00 |
| PCIE40E4        |    0 |     0 |          0 |         2 |   0.00 |
| PS8             |    1 |     0 |          0 |         1 | 100.00 |
| SYSMONE4        |    0 |     0 |          0 |         1 |   0.00 |
| VCU             |    0 |     0 |          0 |         1 |   0.00 |
+-----------------+------+-------+------------+-----------+--------+


8. CONFIGURATION
----------------

+-------------+------+-------+------------+-----------+-------+
|  Site Type  | Used | Fixed | Prohibited | Available | Util% |
+-------------+------+-------+------------+-----------+-------+
| BSCANE2     |    0 |     0 |          0 |         4 |  0.00 |
| DNA_PORTE2  |    0 |     0 |          0 |         1 |  0.00 |
| EFUSE_USR   |    0 |     0 |          0 |         1 |  0.00 |
| FRAME_ECCE4 |    0 |     0 |          0 |         1 |  0.00 |
| ICAPE3      |    0 |     0 |          0 |         2 |  0.00 |
| MASTER_JTAG |    0 |     0 |          0 |         1 |  0.00 |
| STARTUPE3   |    0 |     0 |          0 |         1 |  0.00 |
+-------------+------+-------+------------+-----------+-------+


9. Primitives
-------------

+----------+--------+---------------------+
| Ref Name |  Used  | Functional Category |
+----------+--------+---------------------+
| FDRE     | 120591 |            Register |
| LUT3     |  23235 |                 CLB |
| LUT6     |  18768 |                 CLB |
| LUT5     |  15509 |                 CLB |
| RAMD32   |  12994 |                 CLB |
| LUT4     |  11932 |                 CLB |
| LUT2     |   9762 |                 CLB |
| SRL16E   |   6273 |                 CLB |
| LUT1     |   2536 |                 CLB |
| FDSE     |   2446 |            Register |
| RAMS32   |   1872 |                 CLB |
| CARRY8   |   1522 |                 CLB |
| SRLC32E  |    742 |                 CLB |
| FDCE     |    537 |            Register |
| DSP48E2  |    184 |          Arithmetic |
| MUXF7    |    139 |                 CLB |
| RAMD64E  |     80 |                 CLB |
| RAMB36E2 |     68 |            BLOCKRAM |
| FDPE     |     66 |            Register |
| URAM288  |     16 |            BLOCKRAM |
| RAMB18E2 |      4 |            BLOCKRAM |
| BUFGCE   |      4 |               Clock |
| PS8      |      1 |            Advanced |
| BUFG_PS  |      1 |               Clock |
+----------+--------+---------------------+


10. Black Boxes
---------------

+----------+------+
| Ref Name | Used |
+----------+------+


11. Instantiated Netlists
-------------------------

+------------------------------+------+
|           Ref Name           | Used |
+------------------------------+------+
| fp16_mult                    |   32 |
| fp16_accum                   |   32 |
| fp16_adder                   |   28 |
| axis_wconv256to128           |    4 |
| design_1_zynq_ultra_ps_e_0_0 |    1 |
| design_1_xbar_1              |    1 |
| design_1_xbar_0              |    1 |
| design_1_smartconnect_4_0    |    1 |
| design_1_smartconnect_3_0    |    1 |
| design_1_smartconnect_2_0    |    1 |
| design_1_smartconnect_1_0    |    1 |
| design_1_smartconnect_0_0    |    1 |
| design_1_rst_ps8_0_99M_0     |    1 |
| design_1_axi_smc_0           |    1 |
| design_1_axi_smc1_0          |    1 |
| design_1_axi_dma_3_0         |    1 |
| design_1_axi_dma_2_0         |    1 |
| design_1_axi_dma_1_0         |    1 |
| design_1_axi_dma_0_0         |    1 |
| design_1_axi_cdma_0_0        |    1 |
| design_1_auto_pc_1           |    1 |
| design_1_auto_pc_0           |    1 |
| design_1_auto_ds_1           |    1 |
| design_1_auto_ds_0           |    1 |
| design_1_accelerator_0_0     |    1 |
+------------------------------+------+


